<?xml version="1.0" encoding="UTF-8"?>
<testsuites name="ApplicationInstance" time="4" tests="1" failures="1" errors="0">
   <testsuite name="ApplicationInstance" tests="1" failures="1" errors="0" time="4" timestamp="2019-05-24 14:49:49" hostname="User - AnhNDSE63049" id="Test Suites/ApplicationInstance">
      <properties>
         <property name="deviceName" value=""/>
         <property name="devicePlatform" value=""/>
         <property name="logFolder" value="D:\\IT\\Katalon\\Intern Testing\\Unilog_TestAPI\\Reports\\ApplicationInstance\\20190524_144943"/>
         <property name="logFiles" value="D:\\IT\\Katalon\\Intern Testing\\Unilog_TestAPI\\Reports\\ApplicationInstance\\20190524_144943\\execution0.log"/>
         <property name="attachments" value=""/>
         <property name="hostName" value="User - AnhNDSE63049"/>
         <property name="hostAddress" value="192.168.112.1"/>
         <property name="os" value="Windows 10 64bit"/>
         <property name="katalonVersion" value="6.1.2.2"/>
      </properties>
      <testcase name="Test Cases/ApplicationInstance/GetApplicationInstance" classname="Test Cases/ApplicationInstance/GetApplicationInstance" status="FAILED">
         <failure type="FAILED" message="Test Cases/ApplicationInstance/GetApplicationInstance FAILED.
Reason:
com.kms.katalon.core.exception.StepFailedException: Expected element property value '2019-04-16 00:00:00.000' is not equal with actual property value '2019-04-16T00:00:00'
	at com.kms.katalon.core.keyword.internal.KeywordMain.stepFailed(KeywordMain.groovy:37)
	at com.kms.katalon.core.webservice.keyword.builtin.VerifyElementPropertyValueKeyword$_verifyElementPropertyValue_closure1.doCall(VerifyElementPropertyValueKeyword.groovy:56)
	at com.kms.katalon.core.webservice.keyword.builtin.VerifyElementPropertyValueKeyword$_verifyElementPropertyValue_closure1.call(VerifyElementPropertyValueKeyword.groovy)
	at com.kms.katalon.core.keyword.internal.KeywordMain.runKeyword(KeywordMain.groovy:66)
	at com.kms.katalon.core.webservice.keyword.builtin.VerifyElementPropertyValueKeyword.verifyElementPropertyValue(VerifyElementPropertyValueKeyword.groovy:48)
	at com.kms.katalon.core.webservice.keyword.builtin.VerifyElementPropertyValueKeyword.execute(VerifyElementPropertyValueKeyword.groovy:43)
	at com.kms.katalon.core.keyword.internal.KeywordExecutor.executeKeywordForPlatform(KeywordExecutor.groovy:56)
	at com.kms.katalon.core.webservice.keyword.WSBuiltInKeywords.verifyElementPropertyValue(WSBuiltInKeywords.groovy:123)
	at com.kms.katalon.core.webservice.keyword.WSBuiltInKeywords$verifyElementPropertyValue$1.call(Unknown Source)
	at GetApplicationInstance.run(GetApplicationInstance:32)
	at com.kms.katalon.core.main.ScriptEngine.run(ScriptEngine.java:194)
	at com.kms.katalon.core.main.ScriptEngine.runScriptAsRawText(ScriptEngine.java:119)
	at com.kms.katalon.core.main.TestCaseExecutor.runScript(TestCaseExecutor.java:336)
	at com.kms.katalon.core.main.TestCaseExecutor.doExecute(TestCaseExecutor.java:327)
	at com.kms.katalon.core.main.TestCaseExecutor.processExecutionPhase(TestCaseExecutor.java:306)
	at com.kms.katalon.core.main.TestCaseExecutor.accessMainPhase(TestCaseExecutor.java:298)
	at com.kms.katalon.core.main.TestCaseExecutor.execute(TestCaseExecutor.java:232)
	at com.kms.katalon.core.main.TestSuiteExecutor.accessTestCaseMainPhase(TestSuiteExecutor.java:129)
	at com.kms.katalon.core.main.TestSuiteExecutor.accessTestSuiteMainPhase(TestSuiteExecutor.java:112)
	at com.kms.katalon.core.main.TestSuiteExecutor.execute(TestSuiteExecutor.java:81)
	at com.kms.katalon.core.main.TestCaseMain.startTestSuite(TestCaseMain.java:157)
	at com.kms.katalon.core.main.TestCaseMain$startTestSuite$0.call(Unknown Source)
	at TempTestSuite1558684187588.run(TempTestSuite1558684187588.groovy:35)
"/>
         <system-out><![CDATA[2019-05-24 14:49:49 - [TEST_CASE][FAILED] - Test Cases/ApplicationInstance/GetApplicationInstance: Test Cases/ApplicationInstance/GetApplicationInstance FAILED.
Reason:
com.kms.katalon.core.exception.StepFailedException: Expected element property value '2019-04-16 00:00:00.000' is not equal with actual property value '2019-04-16T00:00:00'
	at com.kms.katalon.core.keyword.internal.KeywordMain.stepFailed(KeywordMain.groovy:37)
	at com.kms.katalon.core.webservice.keyword.builtin.VerifyElementPropertyValueKeyword$_verifyElementPropertyValue_closure1.doCall(VerifyElementPropertyValueKeyword.groovy:56)
	at com.kms.katalon.core.webservice.keyword.builtin.VerifyElementPropertyValueKeyword$_verifyElementPropertyValue_closure1.call(VerifyElementPropertyValueKeyword.groovy)
	at com.kms.katalon.core.keyword.internal.KeywordMain.runKeyword(KeywordMain.groovy:66)
	at com.kms.katalon.core.webservice.keyword.builtin.VerifyElementPropertyValueKeyword.verifyElementPropertyValue(VerifyElementPropertyValueKeyword.groovy:48)
	at com.kms.katalon.core.webservice.keyword.builtin.VerifyElementPropertyValueKeyword.execute(VerifyElementPropertyValueKeyword.groovy:43)
	at com.kms.katalon.core.keyword.internal.KeywordExecutor.executeKeywordForPlatform(KeywordExecutor.groovy:56)
	at com.kms.katalon.core.webservice.keyword.WSBuiltInKeywords.verifyElementPropertyValue(WSBuiltInKeywords.groovy:123)
	at com.kms.katalon.core.webservice.keyword.WSBuiltInKeywords$verifyElementPropertyValue$1.call(Unknown Source)
	at GetApplicationInstance.run(GetApplicationInstance:32)
	at com.kms.katalon.core.main.ScriptEngine.run(ScriptEngine.java:194)
	at com.kms.katalon.core.main.ScriptEngine.runScriptAsRawText(ScriptEngine.java:119)
	at com.kms.katalon.core.main.TestCaseExecutor.runScript(TestCaseExecutor.java:336)
	at com.kms.katalon.core.main.TestCaseExecutor.doExecute(TestCaseExecutor.java:327)
	at com.kms.katalon.core.main.TestCaseExecutor.processExecutionPhase(TestCaseExecutor.java:306)
	at com.kms.katalon.core.main.TestCaseExecutor.accessMainPhase(TestCaseExecutor.java:298)
	at com.kms.katalon.core.main.TestCaseExecutor.execute(TestCaseExecutor.java:232)
	at com.kms.katalon.core.main.TestSuiteExecutor.accessTestCaseMainPhase(TestSuiteExecutor.java:129)
	at com.kms.katalon.core.main.TestSuiteExecutor.accessTestSuiteMainPhase(TestSuiteExecutor.java:112)
	at com.kms.katalon.core.main.TestSuiteExecutor.execute(TestSuiteExecutor.java:81)
	at com.kms.katalon.core.main.TestCaseMain.startTestSuite(TestCaseMain.java:157)
	at com.kms.katalon.core.main.TestCaseMain$startTestSuite$0.call(Unknown Source)
	at TempTestSuite1558684187588.run(TempTestSuite1558684187588.groovy:35)


2019-05-24 14:49:50 - [TEST_STEP][PASSED] - getApplicationInstance = sendRequest(findTestObject("ApplicationInstance/GetApplicationInstance")): Send request successfully

2019-05-24 14:49:53 - [MESSAGE][INFO] - HAR: D:\IT\Katalon\Intern Testing\Unilog_TestAPI\Reports\ApplicationInstance\20190524_144943\requests\main\null.har

2019-05-24 14:49:53 - [MESSAGE][PASSED] - Send request successfully

2019-05-24 14:49:53 - [TEST_STEP][PASSED] - verifyResponseStatusCode(getApplicationInstance, 200): Verify response status code successfully

2019-05-24 14:49:53 - [MESSAGE][PASSED] - Verify response status code successfully

2019-05-24 14:49:53 - [TEST_STEP][PASSED] - verifyElementPropertyValue(getApplicationInstance, "[0].id", 1): Verify element property value successfully

2019-05-24 14:49:53 - [MESSAGE][PASSED] - Verify element property value successfully

2019-05-24 14:49:53 - [TEST_STEP][PASSED] - verifyElementPropertyValue(getApplicationInstance, "[0].name", "DevOps"): Verify element property value successfully

2019-05-24 14:49:53 - [MESSAGE][PASSED] - Verify element property value successfully

2019-05-24 14:49:53 - [TEST_STEP][PASSED] - verifyElementPropertyValue(getApplicationInstance, "[0].appId", "1"): Verify element property value successfully

2019-05-24 14:49:53 - [MESSAGE][PASSED] - Verify element property value successfully

2019-05-24 14:49:53 - [TEST_STEP][PASSED] - verifyElementPropertyValue(getApplicationInstance, "[0].appCode", "DEVOPS1"): Verify element property value successfully

2019-05-24 14:49:53 - [MESSAGE][PASSED] - Verify element property value successfully

2019-05-24 14:49:53 - [TEST_STEP][PASSED] - verifyElementPropertyValue(getApplicationInstance, "[0].description", "DevOps System"): Verify element property value successfully

2019-05-24 14:49:53 - [MESSAGE][PASSED] - Verify element property value successfully

2019-05-24 14:49:53 - [TEST_STEP][PASSED] - verifyElementPropertyValue(getApplicationInstance, "[0].active", true): Verify element property value successfully

2019-05-24 14:49:53 - [MESSAGE][PASSED] - Verify element property value successfully

2019-05-24 14:49:53 - [TEST_STEP][FAILED] - verifyElementPropertyValue(getApplicationInstance, "[0].lastUpdate", "2019-04-16 00:00:00.000"): Expected element property value '2019-04-16 00:00:00.000' is not equal with actual property value '2019-04-16T00:00:00'

2019-05-24 14:49:53 - [MESSAGE][FAILED] - Expected element property value '2019-04-16 00:00:00.000' is not equal with actual property value '2019-04-16T00:00:00']]></system-out>
         <system-err><![CDATA[2019-05-24 14:49:49 - [TEST_CASE][FAILED] - Test Cases/ApplicationInstance/GetApplicationInstance: Test Cases/ApplicationInstance/GetApplicationInstance FAILED.
Reason:
com.kms.katalon.core.exception.StepFailedException: Expected element property value '2019-04-16 00:00:00.000' is not equal with actual property value '2019-04-16T00:00:00'
	at com.kms.katalon.core.keyword.internal.KeywordMain.stepFailed(KeywordMain.groovy:37)
	at com.kms.katalon.core.webservice.keyword.builtin.VerifyElementPropertyValueKeyword$_verifyElementPropertyValue_closure1.doCall(VerifyElementPropertyValueKeyword.groovy:56)
	at com.kms.katalon.core.webservice.keyword.builtin.VerifyElementPropertyValueKeyword$_verifyElementPropertyValue_closure1.call(VerifyElementPropertyValueKeyword.groovy)
	at com.kms.katalon.core.keyword.internal.KeywordMain.runKeyword(KeywordMain.groovy:66)
	at com.kms.katalon.core.webservice.keyword.builtin.VerifyElementPropertyValueKeyword.verifyElementPropertyValue(VerifyElementPropertyValueKeyword.groovy:48)
	at com.kms.katalon.core.webservice.keyword.builtin.VerifyElementPropertyValueKeyword.execute(VerifyElementPropertyValueKeyword.groovy:43)
	at com.kms.katalon.core.keyword.internal.KeywordExecutor.executeKeywordForPlatform(KeywordExecutor.groovy:56)
	at com.kms.katalon.core.webservice.keyword.WSBuiltInKeywords.verifyElementPropertyValue(WSBuiltInKeywords.groovy:123)
	at com.kms.katalon.core.webservice.keyword.WSBuiltInKeywords$verifyElementPropertyValue$1.call(Unknown Source)
	at GetApplicationInstance.run(GetApplicationInstance:32)
	at com.kms.katalon.core.main.ScriptEngine.run(ScriptEngine.java:194)
	at com.kms.katalon.core.main.ScriptEngine.runScriptAsRawText(ScriptEngine.java:119)
	at com.kms.katalon.core.main.TestCaseExecutor.runScript(TestCaseExecutor.java:336)
	at com.kms.katalon.core.main.TestCaseExecutor.doExecute(TestCaseExecutor.java:327)
	at com.kms.katalon.core.main.TestCaseExecutor.processExecutionPhase(TestCaseExecutor.java:306)
	at com.kms.katalon.core.main.TestCaseExecutor.accessMainPhase(TestCaseExecutor.java:298)
	at com.kms.katalon.core.main.TestCaseExecutor.execute(TestCaseExecutor.java:232)
	at com.kms.katalon.core.main.TestSuiteExecutor.accessTestCaseMainPhase(TestSuiteExecutor.java:129)
	at com.kms.katalon.core.main.TestSuiteExecutor.accessTestSuiteMainPhase(TestSuiteExecutor.java:112)
	at com.kms.katalon.core.main.TestSuiteExecutor.execute(TestSuiteExecutor.java:81)
	at com.kms.katalon.core.main.TestCaseMain.startTestSuite(TestCaseMain.java:157)
	at com.kms.katalon.core.main.TestCaseMain$startTestSuite$0.call(Unknown Source)
	at TempTestSuite1558684187588.run(TempTestSuite1558684187588.groovy:35)]]></system-err>
      </testcase>
      <testcase name="Test Cases/ApplicationInstance/PostApplicationInstance" classname="Test Cases/ApplicationInstance/PostApplicationInstance" status="PASSED">
         <system-out><![CDATA[2019-05-24 14:49:53 - [TEST_CASE][PASSED] - Test Cases/ApplicationInstance/PostApplicationInstance: Test Cases/ApplicationInstance/PostApplicationInstance

2019-05-24 14:49:53 - [TEST_STEP][PASSED] - insertApplicationInstance = sendRequest(findTestObject("ApplicationInstance/PostApplicationInstance")): Send request successfully

2019-05-24 14:49:54 - [MESSAGE][INFO] - HAR: D:\IT\Katalon\Intern Testing\Unilog_TestAPI\Reports\ApplicationInstance\20190524_144943\requests\main\null.har

2019-05-24 14:49:54 - [MESSAGE][PASSED] - Send request successfully

2019-05-24 14:49:54 - [TEST_STEP][PASSED] - verifyResponseStatusCode(insertApplicationInstance, 200): Verify response status code successfully

2019-05-24 14:49:54 - [MESSAGE][PASSED] - Verify response status code successfully]]></system-out>
         <system-err><![CDATA[]]></system-err>
      </testcase>
      <system-out><![CDATA[2019-05-24 14:49:49 - [TEST_SUITE][FAILED] - ApplicationInstance: Test Cases/ApplicationInstance/GetApplicationInstance FAILED.
Reason:
com.kms.katalon.core.exception.StepFailedException: Expected element property value '2019-04-16 00:00:00.000' is not equal with actual property value '2019-04-16T00:00:00'
	at com.kms.katalon.core.keyword.internal.KeywordMain.stepFailed(KeywordMain.groovy:37)
	at com.kms.katalon.core.webservice.keyword.builtin.VerifyElementPropertyValueKeyword$_verifyElementPropertyValue_closure1.doCall(VerifyElementPropertyValueKeyword.groovy:56)
	at com.kms.katalon.core.webservice.keyword.builtin.VerifyElementPropertyValueKeyword$_verifyElementPropertyValue_closure1.call(VerifyElementPropertyValueKeyword.groovy)
	at com.kms.katalon.core.keyword.internal.KeywordMain.runKeyword(KeywordMain.groovy:66)
	at com.kms.katalon.core.webservice.keyword.builtin.VerifyElementPropertyValueKeyword.verifyElementPropertyValue(VerifyElementPropertyValueKeyword.groovy:48)
	at com.kms.katalon.core.webservice.keyword.builtin.VerifyElementPropertyValueKeyword.execute(VerifyElementPropertyValueKeyword.groovy:43)
	at com.kms.katalon.core.keyword.internal.KeywordExecutor.executeKeywordForPlatform(KeywordExecutor.groovy:56)
	at com.kms.katalon.core.webservice.keyword.WSBuiltInKeywords.verifyElementPropertyValue(WSBuiltInKeywords.groovy:123)
	at com.kms.katalon.core.webservice.keyword.WSBuiltInKeywords$verifyElementPropertyValue$1.call(Unknown Source)
	at GetApplicationInstance.run(GetApplicationInstance:32)
	at com.kms.katalon.core.main.ScriptEngine.run(ScriptEngine.java:194)
	at com.kms.katalon.core.main.ScriptEngine.runScriptAsRawText(ScriptEngine.java:119)
	at com.kms.katalon.core.main.TestCaseExecutor.runScript(TestCaseExecutor.java:336)
	at com.kms.katalon.core.main.TestCaseExecutor.doExecute(TestCaseExecutor.java:327)
	at com.kms.katalon.core.main.TestCaseExecutor.processExecutionPhase(TestCaseExecutor.java:306)
	at com.kms.katalon.core.main.TestCaseExecutor.accessMainPhase(TestCaseExecutor.java:298)
	at com.kms.katalon.core.main.TestCaseExecutor.execute(TestCaseExecutor.java:232)
	at com.kms.katalon.core.main.TestSuiteExecutor.accessTestCaseMainPhase(TestSuiteExecutor.java:129)
	at com.kms.katalon.core.main.TestSuiteExecutor.accessTestSuiteMainPhase(TestSuiteExecutor.java:112)
	at com.kms.katalon.core.main.TestSuiteExecutor.execute(TestSuiteExecutor.java:81)
	at com.kms.katalon.core.main.TestCaseMain.startTestSuite(TestCaseMain.java:157)
	at com.kms.katalon.core.main.TestCaseMain$startTestSuite$0.call(Unknown Source)
	at TempTestSuite1558684187588.run(TempTestSuite1558684187588.groovy:35)]]></system-out>
      <system-err><![CDATA[2019-05-24 14:49:49 - [TEST_SUITE][FAILED] - ApplicationInstance: Test Cases/ApplicationInstance/GetApplicationInstance FAILED.
Reason:
com.kms.katalon.core.exception.StepFailedException: Expected element property value '2019-04-16 00:00:00.000' is not equal with actual property value '2019-04-16T00:00:00'
	at com.kms.katalon.core.keyword.internal.KeywordMain.stepFailed(KeywordMain.groovy:37)
	at com.kms.katalon.core.webservice.keyword.builtin.VerifyElementPropertyValueKeyword$_verifyElementPropertyValue_closure1.doCall(VerifyElementPropertyValueKeyword.groovy:56)
	at com.kms.katalon.core.webservice.keyword.builtin.VerifyElementPropertyValueKeyword$_verifyElementPropertyValue_closure1.call(VerifyElementPropertyValueKeyword.groovy)
	at com.kms.katalon.core.keyword.internal.KeywordMain.runKeyword(KeywordMain.groovy:66)
	at com.kms.katalon.core.webservice.keyword.builtin.VerifyElementPropertyValueKeyword.verifyElementPropertyValue(VerifyElementPropertyValueKeyword.groovy:48)
	at com.kms.katalon.core.webservice.keyword.builtin.VerifyElementPropertyValueKeyword.execute(VerifyElementPropertyValueKeyword.groovy:43)
	at com.kms.katalon.core.keyword.internal.KeywordExecutor.executeKeywordForPlatform(KeywordExecutor.groovy:56)
	at com.kms.katalon.core.webservice.keyword.WSBuiltInKeywords.verifyElementPropertyValue(WSBuiltInKeywords.groovy:123)
	at com.kms.katalon.core.webservice.keyword.WSBuiltInKeywords$verifyElementPropertyValue$1.call(Unknown Source)
	at GetApplicationInstance.run(GetApplicationInstance:32)
	at com.kms.katalon.core.main.ScriptEngine.run(ScriptEngine.java:194)
	at com.kms.katalon.core.main.ScriptEngine.runScriptAsRawText(ScriptEngine.java:119)
	at com.kms.katalon.core.main.TestCaseExecutor.runScript(TestCaseExecutor.java:336)
	at com.kms.katalon.core.main.TestCaseExecutor.doExecute(TestCaseExecutor.java:327)
	at com.kms.katalon.core.main.TestCaseExecutor.processExecutionPhase(TestCaseExecutor.java:306)
	at com.kms.katalon.core.main.TestCaseExecutor.accessMainPhase(TestCaseExecutor.java:298)
	at com.kms.katalon.core.main.TestCaseExecutor.execute(TestCaseExecutor.java:232)
	at com.kms.katalon.core.main.TestSuiteExecutor.accessTestCaseMainPhase(TestSuiteExecutor.java:129)
	at com.kms.katalon.core.main.TestSuiteExecutor.accessTestSuiteMainPhase(TestSuiteExecutor.java:112)
	at com.kms.katalon.core.main.TestSuiteExecutor.execute(TestSuiteExecutor.java:81)
	at com.kms.katalon.core.main.TestCaseMain.startTestSuite(TestCaseMain.java:157)
	at com.kms.katalon.core.main.TestCaseMain$startTestSuite$0.call(Unknown Source)
	at TempTestSuite1558684187588.run(TempTestSuite1558684187588.groovy:35)]]></system-err>
   </testsuite>
</testsuites>
