<?xml version="1.0" encoding="UTF-8"?>
<testsuites name="Application" time="11" tests="2" failures="1" errors="0">
   <testsuite name="Application" tests="2" failures="1" errors="0" time="11" timestamp="2019-05-24 14:44:33" hostname="User - AnhNDSE63049" id="Test Suites/Application">
      <properties>
         <property name="deviceName" value=""/>
         <property name="devicePlatform" value=""/>
         <property name="logFolder" value="D:\\IT\\Katalon\\Intern Testing\\Unilog_TestAPI\\Reports\\Application\\20190524_144425"/>
         <property name="logFiles" value="D:\\IT\\Katalon\\Intern Testing\\Unilog_TestAPI\\Reports\\Application\\20190524_144425\\execution0.log"/>
         <property name="attachments" value=""/>
         <property name="hostName" value="User - AnhNDSE63049"/>
         <property name="hostAddress" value="192.168.112.1"/>
         <property name="os" value="Windows 10 64bit"/>
         <property name="katalonVersion" value="6.1.2.2"/>
      </properties>
      <testcase name="Test Cases/Application/GetApplication" classname="Test Cases/Application/GetApplication" status="FAILED">
         <failure type="FAILED" message="Test Cases/Application/GetApplication FAILED.
Reason:
com.kms.katalon.core.exception.StepFailedException: Expected element property value '2019-05-13 15:48:51.063' is not equal with actual property value '2019-05-13T15:48:51.063'
	at com.kms.katalon.core.keyword.internal.KeywordMain.stepFailed(KeywordMain.groovy:37)
	at com.kms.katalon.core.webservice.keyword.builtin.VerifyElementPropertyValueKeyword$_verifyElementPropertyValue_closure1.doCall(VerifyElementPropertyValueKeyword.groovy:56)
	at com.kms.katalon.core.webservice.keyword.builtin.VerifyElementPropertyValueKeyword$_verifyElementPropertyValue_closure1.call(VerifyElementPropertyValueKeyword.groovy)
	at com.kms.katalon.core.keyword.internal.KeywordMain.runKeyword(KeywordMain.groovy:66)
	at com.kms.katalon.core.webservice.keyword.builtin.VerifyElementPropertyValueKeyword.verifyElementPropertyValue(VerifyElementPropertyValueKeyword.groovy:48)
	at com.kms.katalon.core.webservice.keyword.builtin.VerifyElementPropertyValueKeyword.execute(VerifyElementPropertyValueKeyword.groovy:43)
	at com.kms.katalon.core.keyword.internal.KeywordExecutor.executeKeywordForPlatform(KeywordExecutor.groovy:56)
	at com.kms.katalon.core.webservice.keyword.WSBuiltInKeywords.verifyElementPropertyValue(WSBuiltInKeywords.groovy:123)
	at com.kms.katalon.core.webservice.keyword.WSBuiltInKeywords$verifyElementPropertyValue$1.call(Unknown Source)
	at GetApplication.run(GetApplication:26)
	at com.kms.katalon.core.main.ScriptEngine.run(ScriptEngine.java:194)
	at com.kms.katalon.core.main.ScriptEngine.runScriptAsRawText(ScriptEngine.java:119)
	at com.kms.katalon.core.main.TestCaseExecutor.runScript(TestCaseExecutor.java:336)
	at com.kms.katalon.core.main.TestCaseExecutor.doExecute(TestCaseExecutor.java:327)
	at com.kms.katalon.core.main.TestCaseExecutor.processExecutionPhase(TestCaseExecutor.java:306)
	at com.kms.katalon.core.main.TestCaseExecutor.accessMainPhase(TestCaseExecutor.java:298)
	at com.kms.katalon.core.main.TestCaseExecutor.execute(TestCaseExecutor.java:232)
	at com.kms.katalon.core.main.TestSuiteExecutor.accessTestCaseMainPhase(TestSuiteExecutor.java:129)
	at com.kms.katalon.core.main.TestSuiteExecutor.accessTestSuiteMainPhase(TestSuiteExecutor.java:112)
	at com.kms.katalon.core.main.TestSuiteExecutor.execute(TestSuiteExecutor.java:81)
	at com.kms.katalon.core.main.TestCaseMain.startTestSuite(TestCaseMain.java:157)
	at com.kms.katalon.core.main.TestCaseMain$startTestSuite$0.call(Unknown Source)
	at TempTestSuite1558683870517.run(TempTestSuite1558683870517.groovy:35)
"/>
         <system-out><![CDATA[2019-05-24 14:44:33 - [TEST_CASE][FAILED] - Test Cases/Application/GetApplication: Test Cases/Application/GetApplication FAILED.
Reason:
com.kms.katalon.core.exception.StepFailedException: Expected element property value '2019-05-13 15:48:51.063' is not equal with actual property value '2019-05-13T15:48:51.063'
	at com.kms.katalon.core.keyword.internal.KeywordMain.stepFailed(KeywordMain.groovy:37)
	at com.kms.katalon.core.webservice.keyword.builtin.VerifyElementPropertyValueKeyword$_verifyElementPropertyValue_closure1.doCall(VerifyElementPropertyValueKeyword.groovy:56)
	at com.kms.katalon.core.webservice.keyword.builtin.VerifyElementPropertyValueKeyword$_verifyElementPropertyValue_closure1.call(VerifyElementPropertyValueKeyword.groovy)
	at com.kms.katalon.core.keyword.internal.KeywordMain.runKeyword(KeywordMain.groovy:66)
	at com.kms.katalon.core.webservice.keyword.builtin.VerifyElementPropertyValueKeyword.verifyElementPropertyValue(VerifyElementPropertyValueKeyword.groovy:48)
	at com.kms.katalon.core.webservice.keyword.builtin.VerifyElementPropertyValueKeyword.execute(VerifyElementPropertyValueKeyword.groovy:43)
	at com.kms.katalon.core.keyword.internal.KeywordExecutor.executeKeywordForPlatform(KeywordExecutor.groovy:56)
	at com.kms.katalon.core.webservice.keyword.WSBuiltInKeywords.verifyElementPropertyValue(WSBuiltInKeywords.groovy:123)
	at com.kms.katalon.core.webservice.keyword.WSBuiltInKeywords$verifyElementPropertyValue$1.call(Unknown Source)
	at GetApplication.run(GetApplication:26)
	at com.kms.katalon.core.main.ScriptEngine.run(ScriptEngine.java:194)
	at com.kms.katalon.core.main.ScriptEngine.runScriptAsRawText(ScriptEngine.java:119)
	at com.kms.katalon.core.main.TestCaseExecutor.runScript(TestCaseExecutor.java:336)
	at com.kms.katalon.core.main.TestCaseExecutor.doExecute(TestCaseExecutor.java:327)
	at com.kms.katalon.core.main.TestCaseExecutor.processExecutionPhase(TestCaseExecutor.java:306)
	at com.kms.katalon.core.main.TestCaseExecutor.accessMainPhase(TestCaseExecutor.java:298)
	at com.kms.katalon.core.main.TestCaseExecutor.execute(TestCaseExecutor.java:232)
	at com.kms.katalon.core.main.TestSuiteExecutor.accessTestCaseMainPhase(TestSuiteExecutor.java:129)
	at com.kms.katalon.core.main.TestSuiteExecutor.accessTestSuiteMainPhase(TestSuiteExecutor.java:112)
	at com.kms.katalon.core.main.TestSuiteExecutor.execute(TestSuiteExecutor.java:81)
	at com.kms.katalon.core.main.TestCaseMain.startTestSuite(TestCaseMain.java:157)
	at com.kms.katalon.core.main.TestCaseMain$startTestSuite$0.call(Unknown Source)
	at TempTestSuite1558683870517.run(TempTestSuite1558683870517.groovy:35)


2019-05-24 14:44:33 - [TEST_STEP][PASSED] - getApplication = sendRequest(findTestObject("Application/GetApplication")): Send request successfully

2019-05-24 14:44:37 - [MESSAGE][INFO] - HAR: D:\IT\Katalon\Intern Testing\Unilog_TestAPI\Reports\Application\20190524_144425\requests\main\null.har

2019-05-24 14:44:37 - [MESSAGE][PASSED] - Send request successfully

2019-05-24 14:44:37 - [TEST_STEP][PASSED] - verifyResponseStatusCode(getApplication, 200): Verify response status code successfully

2019-05-24 14:44:37 - [MESSAGE][PASSED] - Verify response status code successfully

2019-05-24 14:44:37 - [TEST_STEP][PASSED] - verifyElementPropertyValue(getApplication, "data[0].applicationId", 1): Verify element property value successfully

2019-05-24 14:44:37 - [MESSAGE][PASSED] - Verify element property value successfully

2019-05-24 14:44:37 - [TEST_STEP][PASSED] - verifyElementPropertyValue(getApplication, "data[0].systemInstanceId", 11): Verify element property value successfully

2019-05-24 14:44:37 - [MESSAGE][PASSED] - Verify element property value successfully

2019-05-24 14:44:37 - [TEST_STEP][PASSED] - verifyElementPropertyValue(getApplication, "data[0].applicationName", "Test Application v1.0"): Verify element property value successfully

2019-05-24 14:44:37 - [MESSAGE][PASSED] - Verify element property value successfully

2019-05-24 14:44:37 - [TEST_STEP][FAILED] - verifyElementPropertyValue(getApplication, "data[0].createTime", "2019-05-13 15:48:51.063"): Expected element property value '2019-05-13 15:48:51.063' is not equal with actual property value '2019-05-13T15:48:51.063'

2019-05-24 14:44:37 - [MESSAGE][FAILED] - Expected element property value '2019-05-13 15:48:51.063' is not equal with actual property value '2019-05-13T15:48:51.063'

2019-05-24 14:44:37 - [TEST_STEP][FAILED] - verifyElementPropertyValue(getApplication, "data[0].startDate", "2019-05-13"): Expected element property value '2019-05-13' is not equal with actual property value '2019-05-21T00:00:00'

2019-05-24 14:44:37 - [MESSAGE][FAILED] - Expected element property value '2019-05-13' is not equal with actual property value '2019-05-21T00:00:00'

2019-05-24 14:44:37 - [TEST_STEP][FAILED] - verifyElementPropertyValue(getApplication, "data[0].endDate", "2019-05-13"): Expected element property value '2019-05-13' is not equal with actual property value '2019-05-13T00:00:00'

2019-05-24 14:44:38 - [MESSAGE][FAILED] - Expected element property value '2019-05-13' is not equal with actual property value '2019-05-13T00:00:00'

2019-05-24 14:44:38 - [TEST_STEP][PASSED] - verifyElementPropertyValue(getApplication, "data[0].description", "Test Application Description"): Verify element property value successfully

2019-05-24 14:44:38 - [MESSAGE][PASSED] - Verify element property value successfully

2019-05-24 14:44:38 - [TEST_STEP][PASSED] - verifyElementPropertyValue(getApplication, "data[0].note", "Test Application Description"): Verify element property value successfully

2019-05-24 14:44:38 - [MESSAGE][PASSED] - Verify element property value successfully

2019-05-24 14:44:38 - [TEST_STEP][PASSED] - verifyElementPropertyValue(getApplication, "data[0].category", 1): Verify element property value successfully

2019-05-24 14:44:38 - [MESSAGE][PASSED] - Verify element property value successfully

2019-05-24 14:44:38 - [TEST_STEP][PASSED] - verifyElementPropertyValue(getApplication, "data[0].stage", 1): Verify element property value successfully

2019-05-24 14:44:38 - [MESSAGE][PASSED] - Verify element property value successfully

2019-05-24 14:44:38 - [TEST_STEP][PASSED] - verifyElementPropertyValue(getApplication, "data[0].efford", "1234"): Verify element property value successfully

2019-05-24 14:44:38 - [MESSAGE][PASSED] - Verify element property value successfully

2019-05-24 14:44:38 - [TEST_STEP][PASSED] - verifyElementPropertyValue(getApplication, "data[0].origin", "I"): Verify element property value successfully

2019-05-24 14:44:38 - [MESSAGE][PASSED] - Verify element property value successfully

2019-05-24 14:44:38 - [TEST_STEP][PASSED] - verifyElementPropertyValue(getApplication, "data[0].type", "N"): Verify element property value successfully

2019-05-24 14:44:38 - [MESSAGE][PASSED] - Verify element property value successfully

2019-05-24 14:44:38 - [TEST_STEP][PASSED] - verifyElementPropertyValue(getApplication, "data[0].technologies", "C#"): Verify element property value successfully

2019-05-24 14:44:38 - [MESSAGE][PASSED] - Verify element property value successfully

2019-05-24 14:44:38 - [TEST_STEP][PASSED] - verifyElementPropertyValue(getApplication, "data[0].team", 1): Verify element property value successfully

2019-05-24 14:44:38 - [MESSAGE][PASSED] - Verify element property value successfully

2019-05-24 14:44:38 - [TEST_STEP][PASSED] - verifyElementPropertyValue(getApplication, "data[0].priority", 2): Verify element property value successfully

2019-05-24 14:44:38 - [MESSAGE][PASSED] - Verify element property value successfully

2019-05-24 14:44:38 - [TEST_STEP][PASSED] - verifyElementPropertyValue(getApplication, "data[0].status", 3): Verify element property value successfully

2019-05-24 14:44:38 - [MESSAGE][PASSED] - Verify element property value successfully

2019-05-24 14:44:38 - [TEST_STEP][PASSED] - verifyElementPropertyValue(getApplication, "data[0].isDone", false): Verify element property value successfully

2019-05-24 14:44:38 - [MESSAGE][PASSED] - Verify element property value successfully

2019-05-24 14:44:38 - [TEST_STEP][PASSED] - verifyElementPropertyValue(getApplication, "data[0].active", true): Verify element property value successfully

2019-05-24 14:44:38 - [MESSAGE][PASSED] - Verify element property value successfully

2019-05-24 14:44:38 - [TEST_STEP][PASSED] - verifyElementPropertyValue(getApplication, "data[0].applicationCharacteristic.applicationCharacteristicId", 1): Verify element property value successfully

2019-05-24 14:44:38 - [MESSAGE][PASSED] - Verify element property value successfully

2019-05-24 14:44:38 - [TEST_STEP][PASSED] - verifyElementPropertyValue(getApplication, "data[0].applicationCharacteristic.applicationId", 1): Verify element property value successfully

2019-05-24 14:44:38 - [MESSAGE][PASSED] - Verify element property value successfully

2019-05-24 14:44:38 - [TEST_STEP][PASSED] - verifyElementPropertyValue(getApplication, "data[0].applicationCharacteristic.ecf.ecfid", 3): Verify element property value successfully

2019-05-24 14:44:39 - [MESSAGE][PASSED] - Verify element property value successfully

2019-05-24 14:44:39 - [TEST_STEP][PASSED] - verifyElementPropertyValue(getApplication, "data[0].applicationCharacteristic.ecf.applicationCharacteristicId", 1): Verify element property value successfully

2019-05-24 14:44:39 - [MESSAGE][PASSED] - Verify element property value successfully

2019-05-24 14:44:39 - [TEST_STEP][PASSED] - verifyElementPropertyValue(getApplication, "data[0].applicationCharacteristic.ecf.e1", 3): Verify element property value successfully

2019-05-24 14:44:39 - [MESSAGE][PASSED] - Verify element property value successfully

2019-05-24 14:44:39 - [TEST_STEP][PASSED] - verifyElementPropertyValue(getApplication, "data[0].applicationCharacteristic.ecf.e2", 3): Verify element property value successfully

2019-05-24 14:44:39 - [MESSAGE][PASSED] - Verify element property value successfully

2019-05-24 14:44:39 - [TEST_STEP][PASSED] - verifyElementPropertyValue(getApplication, "data[0].applicationCharacteristic.ecf.e3", 2): Verify element property value successfully

2019-05-24 14:44:39 - [MESSAGE][PASSED] - Verify element property value successfully

2019-05-24 14:44:39 - [TEST_STEP][PASSED] - verifyElementPropertyValue(getApplication, "data[0].applicationCharacteristic.ecf.e4", 5): Verify element property value successfully

2019-05-24 14:44:39 - [MESSAGE][PASSED] - Verify element property value successfully

2019-05-24 14:44:39 - [TEST_STEP][PASSED] - verifyElementPropertyValue(getApplication, "data[0].applicationCharacteristic.ecf.e5", 2): Verify element property value successfully

2019-05-24 14:44:39 - [MESSAGE][PASSED] - Verify element property value successfully

2019-05-24 14:44:39 - [TEST_STEP][PASSED] - verifyElementPropertyValue(getApplication, "data[0].applicationCharacteristic.ecf.e6", 1): Verify element property value successfully

2019-05-24 14:44:40 - [MESSAGE][PASSED] - Verify element property value successfully

2019-05-24 14:44:40 - [TEST_STEP][PASSED] - verifyElementPropertyValue(getApplication, "data[0].applicationCharacteristic.ecf.e7", 0): Verify element property value successfully

2019-05-24 14:44:40 - [MESSAGE][PASSED] - Verify element property value successfully

2019-05-24 14:44:40 - [TEST_STEP][PASSED] - verifyElementPropertyValue(getApplication, "data[0].applicationCharacteristic.ecf.e8", 4): Verify element property value successfully

2019-05-24 14:44:40 - [MESSAGE][PASSED] - Verify element property value successfully

2019-05-24 14:44:40 - [TEST_STEP][PASSED] - verifyElementPropertyValue(getApplication, "data[0].applicationCharacteristic.tcf.tcfid", 1): Verify element property value successfully

2019-05-24 14:44:40 - [MESSAGE][PASSED] - Verify element property value successfully

2019-05-24 14:44:40 - [TEST_STEP][PASSED] - verifyElementPropertyValue(getApplication, "data[0].applicationCharacteristic.tcf.t1", 5): Verify element property value successfully

2019-05-24 14:44:40 - [MESSAGE][PASSED] - Verify element property value successfully

2019-05-24 14:44:40 - [TEST_STEP][PASSED] - verifyElementPropertyValue(getApplication, "data[0].applicationCharacteristic.tcf.t2", 5): Verify element property value successfully

2019-05-24 14:44:40 - [MESSAGE][PASSED] - Verify element property value successfully

2019-05-24 14:44:40 - [TEST_STEP][PASSED] - verifyElementPropertyValue(getApplication, "data[0].applicationCharacteristic.tcf.t3", 3): Verify element property value successfully

2019-05-24 14:44:40 - [MESSAGE][PASSED] - Verify element property value successfully

2019-05-24 14:44:40 - [TEST_STEP][PASSED] - verifyElementPropertyValue(getApplication, "data[0].applicationCharacteristic.tcf.t4", 2): Verify element property value successfully

2019-05-24 14:44:40 - [MESSAGE][PASSED] - Verify element property value successfully

2019-05-24 14:44:40 - [TEST_STEP][PASSED] - verifyElementPropertyValue(getApplication, "data[0].applicationCharacteristic.tcf.t5", 3): Verify element property value successfully

2019-05-24 14:44:41 - [MESSAGE][PASSED] - Verify element property value successfully

2019-05-24 14:44:41 - [TEST_STEP][PASSED] - verifyElementPropertyValue(getApplication, "data[0].applicationCharacteristic.tcf.t6", 1): Verify element property value successfully

2019-05-24 14:44:41 - [MESSAGE][PASSED] - Verify element property value successfully

2019-05-24 14:44:41 - [TEST_STEP][PASSED] - verifyElementPropertyValue(getApplication, "data[0].applicationCharacteristic.tcf.t7", 5): Verify element property value successfully

2019-05-24 14:44:41 - [MESSAGE][PASSED] - Verify element property value successfully

2019-05-24 14:44:41 - [TEST_STEP][PASSED] - verifyElementPropertyValue(getApplication, "data[0].applicationCharacteristic.tcf.t8", 2): Verify element property value successfully

2019-05-24 14:44:41 - [MESSAGE][PASSED] - Verify element property value successfully

2019-05-24 14:44:41 - [TEST_STEP][PASSED] - verifyElementPropertyValue(getApplication, "data[0].applicationCharacteristic.tcf.t9", 2): Verify element property value successfully

2019-05-24 14:44:41 - [MESSAGE][PASSED] - Verify element property value successfully

2019-05-24 14:44:41 - [TEST_STEP][PASSED] - verifyElementPropertyValue(getApplication, "data[0].applicationCharacteristic.tcf.t10", 3): Verify element property value successfully

2019-05-24 14:44:41 - [MESSAGE][PASSED] - Verify element property value successfully

2019-05-24 14:44:41 - [TEST_STEP][PASSED] - verifyElementPropertyValue(getApplication, "data[0].applicationCharacteristic.tcf.t11", 5): Verify element property value successfully

2019-05-24 14:44:41 - [MESSAGE][PASSED] - Verify element property value successfully

2019-05-24 14:44:41 - [TEST_STEP][PASSED] - verifyElementPropertyValue(getApplication, "data[0].applicationCharacteristic.tcf.t12", 1): Verify element property value successfully

2019-05-24 14:44:41 - [MESSAGE][PASSED] - Verify element property value successfully

2019-05-24 14:44:41 - [TEST_STEP][PASSED] - verifyElementPropertyValue(getApplication, "data[0].applicationCharacteristic.tcf.t13", 1): Verify element property value successfully

2019-05-24 14:44:41 - [MESSAGE][PASSED] - Verify element property value successfully]]></system-out>
         <system-err><![CDATA[2019-05-24 14:44:33 - [TEST_CASE][FAILED] - Test Cases/Application/GetApplication: Test Cases/Application/GetApplication FAILED.
Reason:
com.kms.katalon.core.exception.StepFailedException: Expected element property value '2019-05-13 15:48:51.063' is not equal with actual property value '2019-05-13T15:48:51.063'
	at com.kms.katalon.core.keyword.internal.KeywordMain.stepFailed(KeywordMain.groovy:37)
	at com.kms.katalon.core.webservice.keyword.builtin.VerifyElementPropertyValueKeyword$_verifyElementPropertyValue_closure1.doCall(VerifyElementPropertyValueKeyword.groovy:56)
	at com.kms.katalon.core.webservice.keyword.builtin.VerifyElementPropertyValueKeyword$_verifyElementPropertyValue_closure1.call(VerifyElementPropertyValueKeyword.groovy)
	at com.kms.katalon.core.keyword.internal.KeywordMain.runKeyword(KeywordMain.groovy:66)
	at com.kms.katalon.core.webservice.keyword.builtin.VerifyElementPropertyValueKeyword.verifyElementPropertyValue(VerifyElementPropertyValueKeyword.groovy:48)
	at com.kms.katalon.core.webservice.keyword.builtin.VerifyElementPropertyValueKeyword.execute(VerifyElementPropertyValueKeyword.groovy:43)
	at com.kms.katalon.core.keyword.internal.KeywordExecutor.executeKeywordForPlatform(KeywordExecutor.groovy:56)
	at com.kms.katalon.core.webservice.keyword.WSBuiltInKeywords.verifyElementPropertyValue(WSBuiltInKeywords.groovy:123)
	at com.kms.katalon.core.webservice.keyword.WSBuiltInKeywords$verifyElementPropertyValue$1.call(Unknown Source)
	at GetApplication.run(GetApplication:26)
	at com.kms.katalon.core.main.ScriptEngine.run(ScriptEngine.java:194)
	at com.kms.katalon.core.main.ScriptEngine.runScriptAsRawText(ScriptEngine.java:119)
	at com.kms.katalon.core.main.TestCaseExecutor.runScript(TestCaseExecutor.java:336)
	at com.kms.katalon.core.main.TestCaseExecutor.doExecute(TestCaseExecutor.java:327)
	at com.kms.katalon.core.main.TestCaseExecutor.processExecutionPhase(TestCaseExecutor.java:306)
	at com.kms.katalon.core.main.TestCaseExecutor.accessMainPhase(TestCaseExecutor.java:298)
	at com.kms.katalon.core.main.TestCaseExecutor.execute(TestCaseExecutor.java:232)
	at com.kms.katalon.core.main.TestSuiteExecutor.accessTestCaseMainPhase(TestSuiteExecutor.java:129)
	at com.kms.katalon.core.main.TestSuiteExecutor.accessTestSuiteMainPhase(TestSuiteExecutor.java:112)
	at com.kms.katalon.core.main.TestSuiteExecutor.execute(TestSuiteExecutor.java:81)
	at com.kms.katalon.core.main.TestCaseMain.startTestSuite(TestCaseMain.java:157)
	at com.kms.katalon.core.main.TestCaseMain$startTestSuite$0.call(Unknown Source)
	at TempTestSuite1558683870517.run(TempTestSuite1558683870517.groovy:35)]]></system-err>
      </testcase>
      <testcase name="Test Cases/Application/PostApplication" classname="Test Cases/Application/PostApplication" status="PASSED">
         <system-out><![CDATA[2019-05-24 14:44:41 - [TEST_CASE][PASSED] - Test Cases/Application/PostApplication: Test Cases/Application/PostApplication

2019-05-24 14:44:42 - [TEST_STEP][PASSED] - insertApplication = sendRequest(findTestObject("Application/PostApplication")): Send request successfully

2019-05-24 14:44:43 - [MESSAGE][INFO] - HAR: D:\IT\Katalon\Intern Testing\Unilog_TestAPI\Reports\Application\20190524_144425\requests\main\null.har

2019-05-24 14:44:43 - [MESSAGE][PASSED] - Send request successfully

2019-05-24 14:44:43 - [TEST_STEP][PASSED] - verifyResponseStatusCode(insertApplication, 200): Verify response status code successfully

2019-05-24 14:44:43 - [MESSAGE][PASSED] - Verify response status code successfully]]></system-out>
         <system-err><![CDATA[]]></system-err>
      </testcase>
      <testcase name="Test Cases/Application/PutApplication" classname="Test Cases/Application/PutApplication" status="PASSED">
         <system-out><![CDATA[2019-05-24 14:44:43 - [TEST_CASE][PASSED] - Test Cases/Application/PutApplication: Test Cases/Application/PutApplication

2019-05-24 14:44:43 - [TEST_STEP][PASSED] - return null: null]]></system-out>
         <system-err><![CDATA[]]></system-err>
      </testcase>
      <system-out><![CDATA[2019-05-24 14:44:33 - [TEST_SUITE][FAILED] - Application: Test Cases/Application/GetApplication FAILED.
Reason:
com.kms.katalon.core.exception.StepFailedException: Expected element property value '2019-05-13 15:48:51.063' is not equal with actual property value '2019-05-13T15:48:51.063'
	at com.kms.katalon.core.keyword.internal.KeywordMain.stepFailed(KeywordMain.groovy:37)
	at com.kms.katalon.core.webservice.keyword.builtin.VerifyElementPropertyValueKeyword$_verifyElementPropertyValue_closure1.doCall(VerifyElementPropertyValueKeyword.groovy:56)
	at com.kms.katalon.core.webservice.keyword.builtin.VerifyElementPropertyValueKeyword$_verifyElementPropertyValue_closure1.call(VerifyElementPropertyValueKeyword.groovy)
	at com.kms.katalon.core.keyword.internal.KeywordMain.runKeyword(KeywordMain.groovy:66)
	at com.kms.katalon.core.webservice.keyword.builtin.VerifyElementPropertyValueKeyword.verifyElementPropertyValue(VerifyElementPropertyValueKeyword.groovy:48)
	at com.kms.katalon.core.webservice.keyword.builtin.VerifyElementPropertyValueKeyword.execute(VerifyElementPropertyValueKeyword.groovy:43)
	at com.kms.katalon.core.keyword.internal.KeywordExecutor.executeKeywordForPlatform(KeywordExecutor.groovy:56)
	at com.kms.katalon.core.webservice.keyword.WSBuiltInKeywords.verifyElementPropertyValue(WSBuiltInKeywords.groovy:123)
	at com.kms.katalon.core.webservice.keyword.WSBuiltInKeywords$verifyElementPropertyValue$1.call(Unknown Source)
	at GetApplication.run(GetApplication:26)
	at com.kms.katalon.core.main.ScriptEngine.run(ScriptEngine.java:194)
	at com.kms.katalon.core.main.ScriptEngine.runScriptAsRawText(ScriptEngine.java:119)
	at com.kms.katalon.core.main.TestCaseExecutor.runScript(TestCaseExecutor.java:336)
	at com.kms.katalon.core.main.TestCaseExecutor.doExecute(TestCaseExecutor.java:327)
	at com.kms.katalon.core.main.TestCaseExecutor.processExecutionPhase(TestCaseExecutor.java:306)
	at com.kms.katalon.core.main.TestCaseExecutor.accessMainPhase(TestCaseExecutor.java:298)
	at com.kms.katalon.core.main.TestCaseExecutor.execute(TestCaseExecutor.java:232)
	at com.kms.katalon.core.main.TestSuiteExecutor.accessTestCaseMainPhase(TestSuiteExecutor.java:129)
	at com.kms.katalon.core.main.TestSuiteExecutor.accessTestSuiteMainPhase(TestSuiteExecutor.java:112)
	at com.kms.katalon.core.main.TestSuiteExecutor.execute(TestSuiteExecutor.java:81)
	at com.kms.katalon.core.main.TestCaseMain.startTestSuite(TestCaseMain.java:157)
	at com.kms.katalon.core.main.TestCaseMain$startTestSuite$0.call(Unknown Source)
	at TempTestSuite1558683870517.run(TempTestSuite1558683870517.groovy:35)]]></system-out>
      <system-err><![CDATA[2019-05-24 14:44:33 - [TEST_SUITE][FAILED] - Application: Test Cases/Application/GetApplication FAILED.
Reason:
com.kms.katalon.core.exception.StepFailedException: Expected element property value '2019-05-13 15:48:51.063' is not equal with actual property value '2019-05-13T15:48:51.063'
	at com.kms.katalon.core.keyword.internal.KeywordMain.stepFailed(KeywordMain.groovy:37)
	at com.kms.katalon.core.webservice.keyword.builtin.VerifyElementPropertyValueKeyword$_verifyElementPropertyValue_closure1.doCall(VerifyElementPropertyValueKeyword.groovy:56)
	at com.kms.katalon.core.webservice.keyword.builtin.VerifyElementPropertyValueKeyword$_verifyElementPropertyValue_closure1.call(VerifyElementPropertyValueKeyword.groovy)
	at com.kms.katalon.core.keyword.internal.KeywordMain.runKeyword(KeywordMain.groovy:66)
	at com.kms.katalon.core.webservice.keyword.builtin.VerifyElementPropertyValueKeyword.verifyElementPropertyValue(VerifyElementPropertyValueKeyword.groovy:48)
	at com.kms.katalon.core.webservice.keyword.builtin.VerifyElementPropertyValueKeyword.execute(VerifyElementPropertyValueKeyword.groovy:43)
	at com.kms.katalon.core.keyword.internal.KeywordExecutor.executeKeywordForPlatform(KeywordExecutor.groovy:56)
	at com.kms.katalon.core.webservice.keyword.WSBuiltInKeywords.verifyElementPropertyValue(WSBuiltInKeywords.groovy:123)
	at com.kms.katalon.core.webservice.keyword.WSBuiltInKeywords$verifyElementPropertyValue$1.call(Unknown Source)
	at GetApplication.run(GetApplication:26)
	at com.kms.katalon.core.main.ScriptEngine.run(ScriptEngine.java:194)
	at com.kms.katalon.core.main.ScriptEngine.runScriptAsRawText(ScriptEngine.java:119)
	at com.kms.katalon.core.main.TestCaseExecutor.runScript(TestCaseExecutor.java:336)
	at com.kms.katalon.core.main.TestCaseExecutor.doExecute(TestCaseExecutor.java:327)
	at com.kms.katalon.core.main.TestCaseExecutor.processExecutionPhase(TestCaseExecutor.java:306)
	at com.kms.katalon.core.main.TestCaseExecutor.accessMainPhase(TestCaseExecutor.java:298)
	at com.kms.katalon.core.main.TestCaseExecutor.execute(TestCaseExecutor.java:232)
	at com.kms.katalon.core.main.TestSuiteExecutor.accessTestCaseMainPhase(TestSuiteExecutor.java:129)
	at com.kms.katalon.core.main.TestSuiteExecutor.accessTestSuiteMainPhase(TestSuiteExecutor.java:112)
	at com.kms.katalon.core.main.TestSuiteExecutor.execute(TestSuiteExecutor.java:81)
	at com.kms.katalon.core.main.TestCaseMain.startTestSuite(TestCaseMain.java:157)
	at com.kms.katalon.core.main.TestCaseMain$startTestSuite$0.call(Unknown Source)
	at TempTestSuite1558683870517.run(TempTestSuite1558683870517.groovy:35)]]></system-err>
   </testsuite>
</testsuites>
