<?xml version="1.0" encoding="UTF-8"?>
<testsuites name="Systems" time="6" tests="2" failures="2" errors="0">
   <testsuite name="Systems" tests="2" failures="2" errors="0" time="6" timestamp="2019-05-24 14:52:14" hostname="User - AnhNDSE63049" id="Test Suites/Systems">
      <properties>
         <property name="deviceName" value=""/>
         <property name="devicePlatform" value=""/>
         <property name="logFolder" value="D:\\IT\\Katalon\\Intern Testing\\Unilog_TestAPI\\Reports\\Systems\\20190524_145207"/>
         <property name="logFiles" value="D:\\IT\\Katalon\\Intern Testing\\Unilog_TestAPI\\Reports\\Systems\\20190524_145207\\execution0.log"/>
         <property name="attachments" value=""/>
         <property name="hostName" value="User - AnhNDSE63049"/>
         <property name="hostAddress" value="192.168.112.1"/>
         <property name="os" value="Windows 10 64bit"/>
         <property name="katalonVersion" value="6.1.2.2"/>
      </properties>
      <testcase name="Test Cases/Systems/GetSystems" classname="Test Cases/Systems/GetSystems" status="FAILED">
         <failure type="FAILED" message="Test Cases/Systems/GetSystems FAILED.
Reason:
com.kms.katalon.core.exception.StepFailedException: Expected element property value '2019-05-05 00:00:00.000' is not equal with actual property value '2019-05-05T00:00:00'
	at com.kms.katalon.core.keyword.internal.KeywordMain.stepFailed(KeywordMain.groovy:37)
	at com.kms.katalon.core.webservice.keyword.builtin.VerifyElementPropertyValueKeyword$_verifyElementPropertyValue_closure1.doCall(VerifyElementPropertyValueKeyword.groovy:56)
	at com.kms.katalon.core.webservice.keyword.builtin.VerifyElementPropertyValueKeyword$_verifyElementPropertyValue_closure1.call(VerifyElementPropertyValueKeyword.groovy)
	at com.kms.katalon.core.keyword.internal.KeywordMain.runKeyword(KeywordMain.groovy:66)
	at com.kms.katalon.core.webservice.keyword.builtin.VerifyElementPropertyValueKeyword.verifyElementPropertyValue(VerifyElementPropertyValueKeyword.groovy:48)
	at com.kms.katalon.core.webservice.keyword.builtin.VerifyElementPropertyValueKeyword.execute(VerifyElementPropertyValueKeyword.groovy:43)
	at com.kms.katalon.core.keyword.internal.KeywordExecutor.executeKeywordForPlatform(KeywordExecutor.groovy:56)
	at com.kms.katalon.core.webservice.keyword.WSBuiltInKeywords.verifyElementPropertyValue(WSBuiltInKeywords.groovy:123)
	at com.kms.katalon.core.webservice.keyword.WSBuiltInKeywords$verifyElementPropertyValue$1.call(Unknown Source)
	at GetSystems.run(GetSystems:32)
	at com.kms.katalon.core.main.ScriptEngine.run(ScriptEngine.java:194)
	at com.kms.katalon.core.main.ScriptEngine.runScriptAsRawText(ScriptEngine.java:119)
	at com.kms.katalon.core.main.TestCaseExecutor.runScript(TestCaseExecutor.java:336)
	at com.kms.katalon.core.main.TestCaseExecutor.doExecute(TestCaseExecutor.java:327)
	at com.kms.katalon.core.main.TestCaseExecutor.processExecutionPhase(TestCaseExecutor.java:306)
	at com.kms.katalon.core.main.TestCaseExecutor.accessMainPhase(TestCaseExecutor.java:298)
	at com.kms.katalon.core.main.TestCaseExecutor.execute(TestCaseExecutor.java:232)
	at com.kms.katalon.core.main.TestSuiteExecutor.accessTestCaseMainPhase(TestSuiteExecutor.java:129)
	at com.kms.katalon.core.main.TestSuiteExecutor.accessTestSuiteMainPhase(TestSuiteExecutor.java:112)
	at com.kms.katalon.core.main.TestSuiteExecutor.execute(TestSuiteExecutor.java:81)
	at com.kms.katalon.core.main.TestCaseMain.startTestSuite(TestCaseMain.java:157)
	at com.kms.katalon.core.main.TestCaseMain$startTestSuite$0.call(Unknown Source)
	at TempTestSuite1558684332262.run(TempTestSuite1558684332262.groovy:35)
"/>
         <system-out><![CDATA[2019-05-24 14:52:14 - [TEST_CASE][FAILED] - Test Cases/Systems/GetSystems: Test Cases/Systems/GetSystems FAILED.
Reason:
com.kms.katalon.core.exception.StepFailedException: Expected element property value '2019-05-05 00:00:00.000' is not equal with actual property value '2019-05-05T00:00:00'
	at com.kms.katalon.core.keyword.internal.KeywordMain.stepFailed(KeywordMain.groovy:37)
	at com.kms.katalon.core.webservice.keyword.builtin.VerifyElementPropertyValueKeyword$_verifyElementPropertyValue_closure1.doCall(VerifyElementPropertyValueKeyword.groovy:56)
	at com.kms.katalon.core.webservice.keyword.builtin.VerifyElementPropertyValueKeyword$_verifyElementPropertyValue_closure1.call(VerifyElementPropertyValueKeyword.groovy)
	at com.kms.katalon.core.keyword.internal.KeywordMain.runKeyword(KeywordMain.groovy:66)
	at com.kms.katalon.core.webservice.keyword.builtin.VerifyElementPropertyValueKeyword.verifyElementPropertyValue(VerifyElementPropertyValueKeyword.groovy:48)
	at com.kms.katalon.core.webservice.keyword.builtin.VerifyElementPropertyValueKeyword.execute(VerifyElementPropertyValueKeyword.groovy:43)
	at com.kms.katalon.core.keyword.internal.KeywordExecutor.executeKeywordForPlatform(KeywordExecutor.groovy:56)
	at com.kms.katalon.core.webservice.keyword.WSBuiltInKeywords.verifyElementPropertyValue(WSBuiltInKeywords.groovy:123)
	at com.kms.katalon.core.webservice.keyword.WSBuiltInKeywords$verifyElementPropertyValue$1.call(Unknown Source)
	at GetSystems.run(GetSystems:32)
	at com.kms.katalon.core.main.ScriptEngine.run(ScriptEngine.java:194)
	at com.kms.katalon.core.main.ScriptEngine.runScriptAsRawText(ScriptEngine.java:119)
	at com.kms.katalon.core.main.TestCaseExecutor.runScript(TestCaseExecutor.java:336)
	at com.kms.katalon.core.main.TestCaseExecutor.doExecute(TestCaseExecutor.java:327)
	at com.kms.katalon.core.main.TestCaseExecutor.processExecutionPhase(TestCaseExecutor.java:306)
	at com.kms.katalon.core.main.TestCaseExecutor.accessMainPhase(TestCaseExecutor.java:298)
	at com.kms.katalon.core.main.TestCaseExecutor.execute(TestCaseExecutor.java:232)
	at com.kms.katalon.core.main.TestSuiteExecutor.accessTestCaseMainPhase(TestSuiteExecutor.java:129)
	at com.kms.katalon.core.main.TestSuiteExecutor.accessTestSuiteMainPhase(TestSuiteExecutor.java:112)
	at com.kms.katalon.core.main.TestSuiteExecutor.execute(TestSuiteExecutor.java:81)
	at com.kms.katalon.core.main.TestCaseMain.startTestSuite(TestCaseMain.java:157)
	at com.kms.katalon.core.main.TestCaseMain$startTestSuite$0.call(Unknown Source)
	at TempTestSuite1558684332262.run(TempTestSuite1558684332262.groovy:35)


2019-05-24 14:52:15 - [TEST_STEP][PASSED] - getSystems = sendRequest(findTestObject("Systems/GetSystems")): Send request successfully

2019-05-24 14:52:17 - [MESSAGE][INFO] - HAR: D:\IT\Katalon\Intern Testing\Unilog_TestAPI\Reports\Systems\20190524_145207\requests\main\null.har

2019-05-24 14:52:17 - [MESSAGE][PASSED] - Send request successfully

2019-05-24 14:52:17 - [TEST_STEP][PASSED] - verifyResponseStatusCode(getSystems, 200): Verify response status code successfully

2019-05-24 14:52:17 - [MESSAGE][PASSED] - Verify response status code successfully

2019-05-24 14:52:17 - [TEST_STEP][PASSED] - verifyElementPropertyValue(getSystems, "data[0].id", 2): Verify element property value successfully

2019-05-24 14:52:17 - [MESSAGE][PASSED] - Verify element property value successfully

2019-05-24 14:52:17 - [TEST_STEP][PASSED] - verifyElementPropertyValue(getSystems, "data[0].name", "Unicode System"): Verify element property value successfully

2019-05-24 14:52:18 - [MESSAGE][PASSED] - Verify element property value successfully

2019-05-24 14:52:18 - [TEST_STEP][PASSED] - verifyElementPropertyValue(getSystems, "data[0].description", "Uni System"): Verify element property value successfully

2019-05-24 14:52:18 - [MESSAGE][PASSED] - Verify element property value successfully

2019-05-24 14:52:18 - [TEST_STEP][PASSED] - verifyElementPropertyValue(getSystems, "data[0].companyId", 4): Verify element property value successfully

2019-05-24 14:52:18 - [MESSAGE][PASSED] - Verify element property value successfully

2019-05-24 14:52:18 - [TEST_STEP][PASSED] - verifyElementPropertyValue(getSystems, "data[0].active", true): Verify element property value successfully

2019-05-24 14:52:18 - [MESSAGE][PASSED] - Verify element property value successfully

2019-05-24 14:52:18 - [TEST_STEP][PASSED] - verifyElementPropertyValue(getSystems, "data[0].systemInstance[0].id", 12): Verify element property value successfully

2019-05-24 14:52:18 - [MESSAGE][PASSED] - Verify element property value successfully

2019-05-24 14:52:18 - [TEST_STEP][FAILED] - verifyElementPropertyValue(getSystems, "data[0].systemInstance[0].createTime", "2019-05-05 00:00:00.000"): Expected element property value '2019-05-05 00:00:00.000' is not equal with actual property value '2019-05-05T00:00:00'

2019-05-24 14:52:18 - [MESSAGE][FAILED] - Expected element property value '2019-05-05 00:00:00.000' is not equal with actual property value '2019-05-05T00:00:00'

2019-05-24 14:52:18 - [TEST_STEP][FAILED] - verifyElementPropertyValue(getSystems, "data[0].systemInstance[0].lastUpdate", "2019-05-23 14:20:50.323"): Expected element property value '2019-05-23 14:20:50.323' is not equal with actual property value '2019-05-23T14:20:50.323'

2019-05-24 14:52:18 - [MESSAGE][FAILED] - Expected element property value '2019-05-23 14:20:50.323' is not equal with actual property value '2019-05-23T14:20:50.323'

2019-05-24 14:52:18 - [TEST_STEP][PASSED] - verifyElementPropertyValue(getSystems, "data[0].systemInstance[0].name", "Promotion"): Verify element property value successfully

2019-05-24 14:52:18 - [MESSAGE][PASSED] - Verify element property value successfully

2019-05-24 14:52:18 - [TEST_STEP][PASSED] - verifyElementPropertyValue(getSystems, "data[0].systemInstance[0].status", 1): Verify element property value successfully

2019-05-24 14:52:18 - [MESSAGE][PASSED] - Verify element property value successfully

2019-05-24 14:52:18 - [TEST_STEP][PASSED] - verifyElementPropertyValue(getSystems, "data[0].systemInstance[0].description", "Promotion Dev"): Verify element property value successfully

2019-05-24 14:52:18 - [MESSAGE][PASSED] - Verify element property value successfully

2019-05-24 14:52:18 - [TEST_STEP][PASSED] - verifyElementPropertyValue(getSystems, "data[0].systemInstance[0].serverId", 1): Verify element property value successfully

2019-05-24 14:52:18 - [MESSAGE][PASSED] - Verify element property value successfully

2019-05-24 14:52:18 - [TEST_STEP][PASSED] - verifyElementPropertyValue(getSystems, "data[0].systemInstance[0].active", true): Verify element property value successfully

2019-05-24 14:52:18 - [MESSAGE][PASSED] - Verify element property value successfully

2019-05-24 14:52:18 - [TEST_STEP][PASSED] - verifyElementPropertyValue(getSystems, "data[0].systemInstance[0].systemsId", 2): Verify element property value successfully

2019-05-24 14:52:18 - [MESSAGE][PASSED] - Verify element property value successfully

2019-05-24 14:52:18 - [TEST_STEP][PASSED] - verifyElementPropertyValue(getSystems, "data[0].systemInstance[0].application[0].applicationId", 1008): Verify element property value successfully

2019-05-24 14:52:18 - [MESSAGE][PASSED] - Verify element property value successfully

2019-05-24 14:52:18 - [TEST_STEP][PASSED] - verifyElementPropertyValue(getSystems, "data[0].systemInstance[0].application[0].systemInstanceId", 12): Verify element property value successfully

2019-05-24 14:52:18 - [MESSAGE][PASSED] - Verify element property value successfully

2019-05-24 14:52:18 - [TEST_STEP][PASSED] - verifyElementPropertyValue(getSystems, "data[0].systemInstance[0].application[0].applicationName", "string v2"): Verify element property value successfully

2019-05-24 14:52:18 - [MESSAGE][PASSED] - Verify element property value successfully

2019-05-24 14:52:18 - [TEST_STEP][FAILED] - verifyElementPropertyValue(getSystems, "data[0].systemInstance[0].application[0].createTime", "2019-05-22 16:22:18.177"): Expected element property value '2019-05-22 16:22:18.177' is not equal with actual property value '2019-05-22T16:22:18.177'

2019-05-24 14:52:18 - [MESSAGE][FAILED] - Expected element property value '2019-05-22 16:22:18.177' is not equal with actual property value '2019-05-22T16:22:18.177'

2019-05-24 14:52:18 - [TEST_STEP][FAILED] - verifyElementPropertyValue(getSystems, "data[0].systemInstance[0].application[0].updateTime", "2019-05-22 16:22:18.177"): Expected element property value '2019-05-22 16:22:18.177' is not equal with actual property value '2019-05-22T16:22:18.177'

2019-05-24 14:52:18 - [MESSAGE][FAILED] - Expected element property value '2019-05-22 16:22:18.177' is not equal with actual property value '2019-05-22T16:22:18.177'

2019-05-24 14:52:18 - [TEST_STEP][FAILED] - verifyElementPropertyValue(getSystems, "data[0].systemInstance[0].application[0].startDate", "2019-05-22"): Expected element property value '2019-05-22' is not equal with actual property value '2019-05-22T00:00:00'

2019-05-24 14:52:18 - [MESSAGE][FAILED] - Expected element property value '2019-05-22' is not equal with actual property value '2019-05-22T00:00:00'

2019-05-24 14:52:18 - [TEST_STEP][FAILED] - verifyElementPropertyValue(getSystems, "data[0].systemInstance[0].application[0].endDate", "2019-05-22"): Expected element property value '2019-05-22' is not equal with actual property value '2019-05-22T00:00:00'

2019-05-24 14:52:18 - [MESSAGE][FAILED] - Expected element property value '2019-05-22' is not equal with actual property value '2019-05-22T00:00:00'

2019-05-24 14:52:18 - [TEST_STEP][PASSED] - verifyElementPropertyValue(getSystems, "data[0].systemInstance[0].application[0].description", "string"): Verify element property value successfully

2019-05-24 14:52:18 - [MESSAGE][PASSED] - Verify element property value successfully

2019-05-24 14:52:18 - [TEST_STEP][PASSED] - verifyElementPropertyValue(getSystems, "data[0].systemInstance[0].application[0].note", "string"): Verify element property value successfully

2019-05-24 14:52:18 - [MESSAGE][PASSED] - Verify element property value successfully

2019-05-24 14:52:18 - [TEST_STEP][PASSED] - verifyElementPropertyValue(getSystems, "data[0].systemInstance[0].application[0].category", 1): Verify element property value successfully

2019-05-24 14:52:18 - [MESSAGE][PASSED] - Verify element property value successfully

2019-05-24 14:52:18 - [TEST_STEP][PASSED] - verifyElementPropertyValue(getSystems, "data[0].systemInstance[0].application[0].stage", 2): Verify element property value successfully

2019-05-24 14:52:18 - [MESSAGE][PASSED] - Verify element property value successfully

2019-05-24 14:52:18 - [TEST_STEP][PASSED] - verifyElementPropertyValue(getSystems, "data[0].systemInstance[0].application[0].efford", 3): Verify element property value successfully

2019-05-24 14:52:18 - [MESSAGE][PASSED] - Verify element property value successfully

2019-05-24 14:52:18 - [TEST_STEP][PASSED] - verifyElementPropertyValue(getSystems, "data[0].systemInstance[0].application[0].origin", "U"): Verify element property value successfully

2019-05-24 14:52:18 - [MESSAGE][PASSED] - Verify element property value successfully

2019-05-24 14:52:18 - [TEST_STEP][PASSED] - verifyElementPropertyValue(getSystems, "data[0].systemInstance[0].application[0].type", "N"): Verify element property value successfully

2019-05-24 14:52:19 - [MESSAGE][PASSED] - Verify element property value successfully

2019-05-24 14:52:19 - [TEST_STEP][PASSED] - verifyElementPropertyValue(getSystems, "data[0].systemInstance[0].application[0].technologies", "string"): Verify element property value successfully

2019-05-24 14:52:19 - [MESSAGE][PASSED] - Verify element property value successfully

2019-05-24 14:52:19 - [TEST_STEP][PASSED] - verifyElementPropertyValue(getSystems, "data[0].systemInstance[0].application[0].team", "1"): Verify element property value successfully

2019-05-24 14:52:19 - [MESSAGE][PASSED] - Verify element property value successfully

2019-05-24 14:52:19 - [TEST_STEP][PASSED] - verifyElementPropertyValue(getSystems, "data[0].systemInstance[0].application[0].priority", "2"): Verify element property value successfully

2019-05-24 14:52:19 - [MESSAGE][PASSED] - Verify element property value successfully

2019-05-24 14:52:19 - [TEST_STEP][PASSED] - verifyElementPropertyValue(getSystems, "data[0].systemInstance[0].application[0].status", 3): Verify element property value successfully

2019-05-24 14:52:19 - [MESSAGE][PASSED] - Verify element property value successfully

2019-05-24 14:52:19 - [TEST_STEP][PASSED] - verifyElementPropertyValue(getSystems, "data[0].systemInstance[0].application[0].link", "string"): Verify element property value successfully

2019-05-24 14:52:19 - [MESSAGE][PASSED] - Verify element property value successfully

2019-05-24 14:52:19 - [TEST_STEP][PASSED] - verifyElementPropertyValue(getSystems, "data[0].systemInstance[0].application[0].linkMonitor", "string"): Verify element property value successfully

2019-05-24 14:52:19 - [MESSAGE][PASSED] - Verify element property value successfully

2019-05-24 14:52:19 - [TEST_STEP][PASSED] - verifyElementPropertyValue(getSystems, "data[0].systemInstance[0].application[0].sourceCodeUrl", "string"): Verify element property value successfully

2019-05-24 14:52:19 - [MESSAGE][PASSED] - Verify element property value successfully

2019-05-24 14:52:19 - [TEST_STEP][PASSED] - verifyElementPropertyValue(getSystems, "data[0].systemInstance[0].application[0].isDone", false): Verify element property value successfully

2019-05-24 14:52:19 - [MESSAGE][PASSED] - Verify element property value successfully

2019-05-24 14:52:19 - [TEST_STEP][PASSED] - verifyElementPropertyValue(getSystems, "data[0].systemInstance[0].application[0].active", true): Verify element property value successfully

2019-05-24 14:52:19 - [MESSAGE][PASSED] - Verify element property value successfully

2019-05-24 14:52:19 - [TEST_STEP][PASSED] - verifyElementPropertyValue(getSystems, "data[0].systemInstance[0].application[0].applicationCharacteristic.applicationCharacteristicId", 1004): Verify element property value successfully

2019-05-24 14:52:19 - [MESSAGE][PASSED] - Verify element property value successfully

2019-05-24 14:52:19 - [TEST_STEP][PASSED] - verifyElementPropertyValue(getSystems, "data[0].systemInstance[0].application[0].applicationCharacteristic.applicationId", 1008): Verify element property value successfully

2019-05-24 14:52:19 - [MESSAGE][PASSED] - Verify element property value successfully

2019-05-24 14:52:19 - [TEST_STEP][PASSED] - verifyElementPropertyValue(getSystems, "data[0].systemInstance[0].application[0].applicationCharacteristic.active", true): Verify element property value successfully

2019-05-24 14:52:19 - [MESSAGE][PASSED] - Verify element property value successfully

2019-05-24 14:52:19 - [TEST_STEP][PASSED] - verifyElementPropertyValue(getSystems, "data[0].systemInstance[0].application[0].applicationCharacteristic.ecf.ecfid", 1005): Verify element property value successfully

2019-05-24 14:52:19 - [MESSAGE][PASSED] - Verify element property value successfully

2019-05-24 14:52:19 - [TEST_STEP][PASSED] - verifyElementPropertyValue(getSystems, "data[0].systemInstance[0].application[0].applicationCharacteristic.ecf.applicationCharacteristicId", 1004): Verify element property value successfully

2019-05-24 14:52:19 - [MESSAGE][PASSED] - Verify element property value successfully

2019-05-24 14:52:19 - [TEST_STEP][PASSED] - verifyElementPropertyValue(getSystems, "data[0].systemInstance[0].application[0].applicationCharacteristic.tcf.tcfid", 1003): Verify element property value successfully

2019-05-24 14:52:19 - [MESSAGE][PASSED] - Verify element property value successfully

2019-05-24 14:52:19 - [TEST_STEP][PASSED] - verifyElementPropertyValue(getSystems, "data[0].systemInstance[0].application[0].applicationCharacteristic.tcf.applicationCharacteristicId", 1004): Verify element property value successfully

2019-05-24 14:52:19 - [MESSAGE][PASSED] - Verify element property value successfully]]></system-out>
         <system-err><![CDATA[2019-05-24 14:52:14 - [TEST_CASE][FAILED] - Test Cases/Systems/GetSystems: Test Cases/Systems/GetSystems FAILED.
Reason:
com.kms.katalon.core.exception.StepFailedException: Expected element property value '2019-05-05 00:00:00.000' is not equal with actual property value '2019-05-05T00:00:00'
	at com.kms.katalon.core.keyword.internal.KeywordMain.stepFailed(KeywordMain.groovy:37)
	at com.kms.katalon.core.webservice.keyword.builtin.VerifyElementPropertyValueKeyword$_verifyElementPropertyValue_closure1.doCall(VerifyElementPropertyValueKeyword.groovy:56)
	at com.kms.katalon.core.webservice.keyword.builtin.VerifyElementPropertyValueKeyword$_verifyElementPropertyValue_closure1.call(VerifyElementPropertyValueKeyword.groovy)
	at com.kms.katalon.core.keyword.internal.KeywordMain.runKeyword(KeywordMain.groovy:66)
	at com.kms.katalon.core.webservice.keyword.builtin.VerifyElementPropertyValueKeyword.verifyElementPropertyValue(VerifyElementPropertyValueKeyword.groovy:48)
	at com.kms.katalon.core.webservice.keyword.builtin.VerifyElementPropertyValueKeyword.execute(VerifyElementPropertyValueKeyword.groovy:43)
	at com.kms.katalon.core.keyword.internal.KeywordExecutor.executeKeywordForPlatform(KeywordExecutor.groovy:56)
	at com.kms.katalon.core.webservice.keyword.WSBuiltInKeywords.verifyElementPropertyValue(WSBuiltInKeywords.groovy:123)
	at com.kms.katalon.core.webservice.keyword.WSBuiltInKeywords$verifyElementPropertyValue$1.call(Unknown Source)
	at GetSystems.run(GetSystems:32)
	at com.kms.katalon.core.main.ScriptEngine.run(ScriptEngine.java:194)
	at com.kms.katalon.core.main.ScriptEngine.runScriptAsRawText(ScriptEngine.java:119)
	at com.kms.katalon.core.main.TestCaseExecutor.runScript(TestCaseExecutor.java:336)
	at com.kms.katalon.core.main.TestCaseExecutor.doExecute(TestCaseExecutor.java:327)
	at com.kms.katalon.core.main.TestCaseExecutor.processExecutionPhase(TestCaseExecutor.java:306)
	at com.kms.katalon.core.main.TestCaseExecutor.accessMainPhase(TestCaseExecutor.java:298)
	at com.kms.katalon.core.main.TestCaseExecutor.execute(TestCaseExecutor.java:232)
	at com.kms.katalon.core.main.TestSuiteExecutor.accessTestCaseMainPhase(TestSuiteExecutor.java:129)
	at com.kms.katalon.core.main.TestSuiteExecutor.accessTestSuiteMainPhase(TestSuiteExecutor.java:112)
	at com.kms.katalon.core.main.TestSuiteExecutor.execute(TestSuiteExecutor.java:81)
	at com.kms.katalon.core.main.TestCaseMain.startTestSuite(TestCaseMain.java:157)
	at com.kms.katalon.core.main.TestCaseMain$startTestSuite$0.call(Unknown Source)
	at TempTestSuite1558684332262.run(TempTestSuite1558684332262.groovy:35)]]></system-err>
      </testcase>
      <testcase name="Test Cases/Systems/PostSystems" classname="Test Cases/Systems/PostSystems" status="PASSED">
         <system-out><![CDATA[2019-05-24 14:52:19 - [TEST_CASE][PASSED] - Test Cases/Systems/PostSystems: Test Cases/Systems/PostSystems

2019-05-24 14:52:19 - [TEST_STEP][PASSED] - insertSystems = sendRequest(findTestObject("Systems/PostSystems")): Send request successfully

2019-05-24 14:52:19 - [MESSAGE][INFO] - HAR: D:\IT\Katalon\Intern Testing\Unilog_TestAPI\Reports\Systems\20190524_145207\requests\main\null.har

2019-05-24 14:52:19 - [MESSAGE][PASSED] - Send request successfully

2019-05-24 14:52:19 - [TEST_STEP][PASSED] - verifyResponseStatusCode(insertSystems, 200): Verify response status code successfully

2019-05-24 14:52:19 - [MESSAGE][PASSED] - Verify response status code successfully]]></system-out>
         <system-err><![CDATA[]]></system-err>
      </testcase>
      <testcase name="Test Cases/Systems/PatchActive" classname="Test Cases/Systems/PatchActive" status="PASSED">
         <system-out><![CDATA[2019-05-24 14:52:19 - [TEST_CASE][PASSED] - Test Cases/Systems/PatchActive: Test Cases/Systems/PatchActive

2019-05-24 14:52:20 - [TEST_STEP][PASSED] - updateActive = sendRequest(findTestObject("Systems/PatchActive")): Send request successfully

2019-05-24 14:52:20 - [MESSAGE][INFO] - HAR: D:\IT\Katalon\Intern Testing\Unilog_TestAPI\Reports\Systems\20190524_145207\requests\main\null.har

2019-05-24 14:52:20 - [MESSAGE][PASSED] - Send request successfully

2019-05-24 14:52:20 - [TEST_STEP][PASSED] - verifyResponseStatusCode(updateActive, 200): Verify response status code successfully

2019-05-24 14:52:20 - [MESSAGE][PASSED] - Verify response status code successfully]]></system-out>
         <system-err><![CDATA[]]></system-err>
      </testcase>
      <testcase name="Test Cases/Systems/DeleteSystems" classname="Test Cases/Systems/DeleteSystems" status="FAILED">
         <failure type="FAILED" message="Test Cases/Systems/DeleteSystems FAILED.
Reason:
com.kms.katalon.core.exception.StepFailedException: Expected status code is '200' but actual status code is '405'
	at com.kms.katalon.core.keyword.internal.KeywordMain.stepFailed(KeywordMain.groovy:37)
	at com.kms.katalon.core.webservice.keyword.builtin.VerifyResponseStatusCodeKeyword.verifyStatusCode(VerifyResponseStatusCodeKeyword.groovy:52)
	at com.kms.katalon.core.webservice.keyword.builtin.VerifyResponseStatusCodeKeyword$_verifyResponseStatusCode_closure1.doCall(VerifyResponseStatusCodeKeyword.groovy:42)
	at com.kms.katalon.core.webservice.keyword.builtin.VerifyResponseStatusCodeKeyword$_verifyResponseStatusCode_closure1.call(VerifyResponseStatusCodeKeyword.groovy)
	at com.kms.katalon.core.keyword.internal.KeywordMain.runKeyword(KeywordMain.groovy:66)
	at com.kms.katalon.core.webservice.keyword.builtin.VerifyResponseStatusCodeKeyword.verifyResponseStatusCode(VerifyResponseStatusCodeKeyword.groovy:37)
	at com.kms.katalon.core.webservice.keyword.builtin.VerifyResponseStatusCodeKeyword.execute(VerifyResponseStatusCodeKeyword.groovy:32)
	at com.kms.katalon.core.keyword.internal.KeywordExecutor.executeKeywordForPlatform(KeywordExecutor.groovy:56)
	at com.kms.katalon.core.webservice.keyword.WSBuiltInKeywords.verifyResponseStatusCode(WSBuiltInKeywords.groovy:212)
	at com.kms.katalon.core.webservice.keyword.WSBuiltInKeywords$verifyResponseStatusCode$0.call(Unknown Source)
	at DeleteSystems.run(DeleteSystems:18)
	at com.kms.katalon.core.main.ScriptEngine.run(ScriptEngine.java:194)
	at com.kms.katalon.core.main.ScriptEngine.runScriptAsRawText(ScriptEngine.java:119)
	at com.kms.katalon.core.main.TestCaseExecutor.runScript(TestCaseExecutor.java:336)
	at com.kms.katalon.core.main.TestCaseExecutor.doExecute(TestCaseExecutor.java:327)
	at com.kms.katalon.core.main.TestCaseExecutor.processExecutionPhase(TestCaseExecutor.java:306)
	at com.kms.katalon.core.main.TestCaseExecutor.accessMainPhase(TestCaseExecutor.java:298)
	at com.kms.katalon.core.main.TestCaseExecutor.execute(TestCaseExecutor.java:232)
	at com.kms.katalon.core.main.TestSuiteExecutor.accessTestCaseMainPhase(TestSuiteExecutor.java:129)
	at com.kms.katalon.core.main.TestSuiteExecutor.accessTestSuiteMainPhase(TestSuiteExecutor.java:112)
	at com.kms.katalon.core.main.TestSuiteExecutor.execute(TestSuiteExecutor.java:81)
	at com.kms.katalon.core.main.TestCaseMain.startTestSuite(TestCaseMain.java:157)
	at com.kms.katalon.core.main.TestCaseMain$startTestSuite$0.call(Unknown Source)
	at TempTestSuite1558684332262.run(TempTestSuite1558684332262.groovy:35)
"/>
         <system-out><![CDATA[2019-05-24 14:52:20 - [TEST_CASE][FAILED] - Test Cases/Systems/DeleteSystems: Test Cases/Systems/DeleteSystems FAILED.
Reason:
com.kms.katalon.core.exception.StepFailedException: Expected status code is '200' but actual status code is '405'
	at com.kms.katalon.core.keyword.internal.KeywordMain.stepFailed(KeywordMain.groovy:37)
	at com.kms.katalon.core.webservice.keyword.builtin.VerifyResponseStatusCodeKeyword.verifyStatusCode(VerifyResponseStatusCodeKeyword.groovy:52)
	at com.kms.katalon.core.webservice.keyword.builtin.VerifyResponseStatusCodeKeyword$_verifyResponseStatusCode_closure1.doCall(VerifyResponseStatusCodeKeyword.groovy:42)
	at com.kms.katalon.core.webservice.keyword.builtin.VerifyResponseStatusCodeKeyword$_verifyResponseStatusCode_closure1.call(VerifyResponseStatusCodeKeyword.groovy)
	at com.kms.katalon.core.keyword.internal.KeywordMain.runKeyword(KeywordMain.groovy:66)
	at com.kms.katalon.core.webservice.keyword.builtin.VerifyResponseStatusCodeKeyword.verifyResponseStatusCode(VerifyResponseStatusCodeKeyword.groovy:37)
	at com.kms.katalon.core.webservice.keyword.builtin.VerifyResponseStatusCodeKeyword.execute(VerifyResponseStatusCodeKeyword.groovy:32)
	at com.kms.katalon.core.keyword.internal.KeywordExecutor.executeKeywordForPlatform(KeywordExecutor.groovy:56)
	at com.kms.katalon.core.webservice.keyword.WSBuiltInKeywords.verifyResponseStatusCode(WSBuiltInKeywords.groovy:212)
	at com.kms.katalon.core.webservice.keyword.WSBuiltInKeywords$verifyResponseStatusCode$0.call(Unknown Source)
	at DeleteSystems.run(DeleteSystems:18)
	at com.kms.katalon.core.main.ScriptEngine.run(ScriptEngine.java:194)
	at com.kms.katalon.core.main.ScriptEngine.runScriptAsRawText(ScriptEngine.java:119)
	at com.kms.katalon.core.main.TestCaseExecutor.runScript(TestCaseExecutor.java:336)
	at com.kms.katalon.core.main.TestCaseExecutor.doExecute(TestCaseExecutor.java:327)
	at com.kms.katalon.core.main.TestCaseExecutor.processExecutionPhase(TestCaseExecutor.java:306)
	at com.kms.katalon.core.main.TestCaseExecutor.accessMainPhase(TestCaseExecutor.java:298)
	at com.kms.katalon.core.main.TestCaseExecutor.execute(TestCaseExecutor.java:232)
	at com.kms.katalon.core.main.TestSuiteExecutor.accessTestCaseMainPhase(TestSuiteExecutor.java:129)
	at com.kms.katalon.core.main.TestSuiteExecutor.accessTestSuiteMainPhase(TestSuiteExecutor.java:112)
	at com.kms.katalon.core.main.TestSuiteExecutor.execute(TestSuiteExecutor.java:81)
	at com.kms.katalon.core.main.TestCaseMain.startTestSuite(TestCaseMain.java:157)
	at com.kms.katalon.core.main.TestCaseMain$startTestSuite$0.call(Unknown Source)
	at TempTestSuite1558684332262.run(TempTestSuite1558684332262.groovy:35)


2019-05-24 14:52:20 - [TEST_STEP][PASSED] - deleteSystems = sendRequest(findTestObject("Systems/DeleteSystems")): Send request successfully

2019-05-24 14:52:20 - [MESSAGE][INFO] - HAR: D:\IT\Katalon\Intern Testing\Unilog_TestAPI\Reports\Systems\20190524_145207\requests\main\null.har

2019-05-24 14:52:20 - [MESSAGE][PASSED] - Send request successfully

2019-05-24 14:52:20 - [TEST_STEP][FAILED] - verifyResponseStatusCode(deleteSystems, 200): Expected status code is '200' but actual status code is '405'

2019-05-24 14:52:20 - [MESSAGE][FAILED] - Expected status code is '200' but actual status code is '405']]></system-out>
         <system-err><![CDATA[2019-05-24 14:52:20 - [TEST_CASE][FAILED] - Test Cases/Systems/DeleteSystems: Test Cases/Systems/DeleteSystems FAILED.
Reason:
com.kms.katalon.core.exception.StepFailedException: Expected status code is '200' but actual status code is '405'
	at com.kms.katalon.core.keyword.internal.KeywordMain.stepFailed(KeywordMain.groovy:37)
	at com.kms.katalon.core.webservice.keyword.builtin.VerifyResponseStatusCodeKeyword.verifyStatusCode(VerifyResponseStatusCodeKeyword.groovy:52)
	at com.kms.katalon.core.webservice.keyword.builtin.VerifyResponseStatusCodeKeyword$_verifyResponseStatusCode_closure1.doCall(VerifyResponseStatusCodeKeyword.groovy:42)
	at com.kms.katalon.core.webservice.keyword.builtin.VerifyResponseStatusCodeKeyword$_verifyResponseStatusCode_closure1.call(VerifyResponseStatusCodeKeyword.groovy)
	at com.kms.katalon.core.keyword.internal.KeywordMain.runKeyword(KeywordMain.groovy:66)
	at com.kms.katalon.core.webservice.keyword.builtin.VerifyResponseStatusCodeKeyword.verifyResponseStatusCode(VerifyResponseStatusCodeKeyword.groovy:37)
	at com.kms.katalon.core.webservice.keyword.builtin.VerifyResponseStatusCodeKeyword.execute(VerifyResponseStatusCodeKeyword.groovy:32)
	at com.kms.katalon.core.keyword.internal.KeywordExecutor.executeKeywordForPlatform(KeywordExecutor.groovy:56)
	at com.kms.katalon.core.webservice.keyword.WSBuiltInKeywords.verifyResponseStatusCode(WSBuiltInKeywords.groovy:212)
	at com.kms.katalon.core.webservice.keyword.WSBuiltInKeywords$verifyResponseStatusCode$0.call(Unknown Source)
	at DeleteSystems.run(DeleteSystems:18)
	at com.kms.katalon.core.main.ScriptEngine.run(ScriptEngine.java:194)
	at com.kms.katalon.core.main.ScriptEngine.runScriptAsRawText(ScriptEngine.java:119)
	at com.kms.katalon.core.main.TestCaseExecutor.runScript(TestCaseExecutor.java:336)
	at com.kms.katalon.core.main.TestCaseExecutor.doExecute(TestCaseExecutor.java:327)
	at com.kms.katalon.core.main.TestCaseExecutor.processExecutionPhase(TestCaseExecutor.java:306)
	at com.kms.katalon.core.main.TestCaseExecutor.accessMainPhase(TestCaseExecutor.java:298)
	at com.kms.katalon.core.main.TestCaseExecutor.execute(TestCaseExecutor.java:232)
	at com.kms.katalon.core.main.TestSuiteExecutor.accessTestCaseMainPhase(TestSuiteExecutor.java:129)
	at com.kms.katalon.core.main.TestSuiteExecutor.accessTestSuiteMainPhase(TestSuiteExecutor.java:112)
	at com.kms.katalon.core.main.TestSuiteExecutor.execute(TestSuiteExecutor.java:81)
	at com.kms.katalon.core.main.TestCaseMain.startTestSuite(TestCaseMain.java:157)
	at com.kms.katalon.core.main.TestCaseMain$startTestSuite$0.call(Unknown Source)
	at TempTestSuite1558684332262.run(TempTestSuite1558684332262.groovy:35)]]></system-err>
      </testcase>
      <system-out><![CDATA[2019-05-24 14:52:14 - [TEST_SUITE][FAILED] - Systems: Test Cases/Systems/GetSystems FAILED.
Reason:
com.kms.katalon.core.exception.StepFailedException: Expected element property value '2019-05-05 00:00:00.000' is not equal with actual property value '2019-05-05T00:00:00'
	at com.kms.katalon.core.keyword.internal.KeywordMain.stepFailed(KeywordMain.groovy:37)
	at com.kms.katalon.core.webservice.keyword.builtin.VerifyElementPropertyValueKeyword$_verifyElementPropertyValue_closure1.doCall(VerifyElementPropertyValueKeyword.groovy:56)
	at com.kms.katalon.core.webservice.keyword.builtin.VerifyElementPropertyValueKeyword$_verifyElementPropertyValue_closure1.call(VerifyElementPropertyValueKeyword.groovy)
	at com.kms.katalon.core.keyword.internal.KeywordMain.runKeyword(KeywordMain.groovy:66)
	at com.kms.katalon.core.webservice.keyword.builtin.VerifyElementPropertyValueKeyword.verifyElementPropertyValue(VerifyElementPropertyValueKeyword.groovy:48)
	at com.kms.katalon.core.webservice.keyword.builtin.VerifyElementPropertyValueKeyword.execute(VerifyElementPropertyValueKeyword.groovy:43)
	at com.kms.katalon.core.keyword.internal.KeywordExecutor.executeKeywordForPlatform(KeywordExecutor.groovy:56)
	at com.kms.katalon.core.webservice.keyword.WSBuiltInKeywords.verifyElementPropertyValue(WSBuiltInKeywords.groovy:123)
	at com.kms.katalon.core.webservice.keyword.WSBuiltInKeywords$verifyElementPropertyValue$1.call(Unknown Source)
	at GetSystems.run(GetSystems:32)
	at com.kms.katalon.core.main.ScriptEngine.run(ScriptEngine.java:194)
	at com.kms.katalon.core.main.ScriptEngine.runScriptAsRawText(ScriptEngine.java:119)
	at com.kms.katalon.core.main.TestCaseExecutor.runScript(TestCaseExecutor.java:336)
	at com.kms.katalon.core.main.TestCaseExecutor.doExecute(TestCaseExecutor.java:327)
	at com.kms.katalon.core.main.TestCaseExecutor.processExecutionPhase(TestCaseExecutor.java:306)
	at com.kms.katalon.core.main.TestCaseExecutor.accessMainPhase(TestCaseExecutor.java:298)
	at com.kms.katalon.core.main.TestCaseExecutor.execute(TestCaseExecutor.java:232)
	at com.kms.katalon.core.main.TestSuiteExecutor.accessTestCaseMainPhase(TestSuiteExecutor.java:129)
	at com.kms.katalon.core.main.TestSuiteExecutor.accessTestSuiteMainPhase(TestSuiteExecutor.java:112)
	at com.kms.katalon.core.main.TestSuiteExecutor.execute(TestSuiteExecutor.java:81)
	at com.kms.katalon.core.main.TestCaseMain.startTestSuite(TestCaseMain.java:157)
	at com.kms.katalon.core.main.TestCaseMain$startTestSuite$0.call(Unknown Source)
	at TempTestSuite1558684332262.run(TempTestSuite1558684332262.groovy:35)]]></system-out>
      <system-err><![CDATA[2019-05-24 14:52:14 - [TEST_SUITE][FAILED] - Systems: Test Cases/Systems/GetSystems FAILED.
Reason:
com.kms.katalon.core.exception.StepFailedException: Expected element property value '2019-05-05 00:00:00.000' is not equal with actual property value '2019-05-05T00:00:00'
	at com.kms.katalon.core.keyword.internal.KeywordMain.stepFailed(KeywordMain.groovy:37)
	at com.kms.katalon.core.webservice.keyword.builtin.VerifyElementPropertyValueKeyword$_verifyElementPropertyValue_closure1.doCall(VerifyElementPropertyValueKeyword.groovy:56)
	at com.kms.katalon.core.webservice.keyword.builtin.VerifyElementPropertyValueKeyword$_verifyElementPropertyValue_closure1.call(VerifyElementPropertyValueKeyword.groovy)
	at com.kms.katalon.core.keyword.internal.KeywordMain.runKeyword(KeywordMain.groovy:66)
	at com.kms.katalon.core.webservice.keyword.builtin.VerifyElementPropertyValueKeyword.verifyElementPropertyValue(VerifyElementPropertyValueKeyword.groovy:48)
	at com.kms.katalon.core.webservice.keyword.builtin.VerifyElementPropertyValueKeyword.execute(VerifyElementPropertyValueKeyword.groovy:43)
	at com.kms.katalon.core.keyword.internal.KeywordExecutor.executeKeywordForPlatform(KeywordExecutor.groovy:56)
	at com.kms.katalon.core.webservice.keyword.WSBuiltInKeywords.verifyElementPropertyValue(WSBuiltInKeywords.groovy:123)
	at com.kms.katalon.core.webservice.keyword.WSBuiltInKeywords$verifyElementPropertyValue$1.call(Unknown Source)
	at GetSystems.run(GetSystems:32)
	at com.kms.katalon.core.main.ScriptEngine.run(ScriptEngine.java:194)
	at com.kms.katalon.core.main.ScriptEngine.runScriptAsRawText(ScriptEngine.java:119)
	at com.kms.katalon.core.main.TestCaseExecutor.runScript(TestCaseExecutor.java:336)
	at com.kms.katalon.core.main.TestCaseExecutor.doExecute(TestCaseExecutor.java:327)
	at com.kms.katalon.core.main.TestCaseExecutor.processExecutionPhase(TestCaseExecutor.java:306)
	at com.kms.katalon.core.main.TestCaseExecutor.accessMainPhase(TestCaseExecutor.java:298)
	at com.kms.katalon.core.main.TestCaseExecutor.execute(TestCaseExecutor.java:232)
	at com.kms.katalon.core.main.TestSuiteExecutor.accessTestCaseMainPhase(TestSuiteExecutor.java:129)
	at com.kms.katalon.core.main.TestSuiteExecutor.accessTestSuiteMainPhase(TestSuiteExecutor.java:112)
	at com.kms.katalon.core.main.TestSuiteExecutor.execute(TestSuiteExecutor.java:81)
	at com.kms.katalon.core.main.TestCaseMain.startTestSuite(TestCaseMain.java:157)
	at com.kms.katalon.core.main.TestCaseMain$startTestSuite$0.call(Unknown Source)
	at TempTestSuite1558684332262.run(TempTestSuite1558684332262.groovy:35)]]></system-err>
   </testsuite>
</testsuites>
